<?xml version="1.0" encoding="UTF-8"?>
<coverage generated="1594754591323" clover="3.2.0">
  <project timestamp="1594754591323" name="All files">
    <metrics statements="13" coveredstatements="10" conditionals="4" coveredconditionals="1" methods="6" coveredmethods="4" elements="23" coveredelements="15" complexity="0" loc="13" ncloc="13" packages="3" files="5" classes="5"/>
    <package name="src">
      <metrics statements="5" coveredstatements="4" conditionals="2" coveredconditionals="1" methods="1" coveredmethods="1"/>
      <file name="App.vue" path="C:\Users\vpass\Documents\Code\code_challenge\src\App.vue">
        <metrics statements="5" coveredstatements="4" conditionals="2" coveredconditionals="1" methods="1" coveredmethods="1"/>
        <line num="9" count="1" type="stmt"/>
        <line num="10" count="1" type="stmt"/>
        <line num="11" count="1" type="stmt"/>
        <line num="24" count="1" type="cond" truecount="1" falsecount="1"/>
        <line num="25" count="0" type="stmt"/>
      </file>
    </package>
    <package name="src.components">
      <metrics statements="5" coveredstatements="5" conditionals="0" coveredconditionals="0" methods="3" coveredmethods="3"/>
      <file name="Overlay.vue" path="C:\Users\vpass\Documents\Code\code_challenge\src\components\Overlay.vue">
        <metrics statements="1" coveredstatements="1" conditionals="0" coveredconditionals="0" methods="0" coveredmethods="0"/>
        <line num="30" count="1" type="stmt"/>
      </file>
      <file name="Product.vue" path="C:\Users\vpass\Documents\Code\code_challenge\src\components\Product.vue">
        <metrics statements="3" coveredstatements="3" conditionals="0" coveredconditionals="0" methods="3" coveredmethods="3"/>
        <line num="46" count="1" type="stmt"/>
        <line num="54" count="3" type="stmt"/>
        <line num="61" count="1" type="stmt"/>
      </file>
      <file name="Products.vue" path="C:\Users\vpass\Documents\Code\code_challenge\src\components\Products.vue">
        <metrics statements="1" coveredstatements="1" conditionals="0" coveredconditionals="0" methods="0" coveredmethods="0"/>
        <line num="11" count="1" type="stmt"/>
      </file>
    </package>
    <package name="src.layout">
      <metrics statements="3" coveredstatements="1" conditionals="2" coveredconditionals="0" methods="2" coveredmethods="0"/>
      <file name="Navbar.vue" path="C:\Users\vpass\Documents\Code\code_challenge\src\layout\Navbar.vue">
        <metrics statements="3" coveredstatements="1" conditionals="2" coveredconditionals="0" methods="2" coveredmethods="0"/>
        <line num="18" count="1" type="stmt"/>
        <line num="25" count="0" type="cond" truecount="0" falsecount="2"/>
        <line num="29" count="0" type="stmt"/>
      </file>
    </package>
  </project>
</coverage>
