{"C:\\Users\\vpass\\Documents\\Code\\code_challenge\\src\\App.vue": {"path":"C:\\Users\\vpass\\Documents\\Code\\code_challenge\\src\\App.vue","statementMap":{"0":{"start":{"line":9,"column":0},"end":{"line":9,"column":null}},"1":{"start":{"line":10,"column":0},"end":{"line":10,"column":null}},"2":{"start":{"line":11,"column":0},"end":{"line":11,"column":null}},"3":{"start":{"line":24,"column":0},"end":{"line":26,"column":null}},"4":{"start":{"line":25,"column":0},"end":{"line":25,"column":null}}},"fnMap":{"0":{"name":"(anonymous_1)","decl":{"start":{"line":23,"column":0},"end":{"line":23,"column":null}},"loc":{"start":{"line":23,"column":0},"end":{"line":27,"column":null}}}},"branchMap":{"0":{"loc":{"start":{"line":24,"column":0},"end":{"line":26,"column":null}},"type":"if","locations":[{"start":{"line":24,"column":0},"end":{"line":26,"column":null}},{"start":{"line":24,"column":0},"end":{"line":26,"column":null}}]}},"s":{"0":1,"1":1,"2":1,"3":1,"4":0},"f":{"0":1},"b":{"0":[0,1]}}
,"C:\\Users\\vpass\\Documents\\Code\\code_challenge\\src\\components\\Overlay.vue": {"path":"C:\\Users\\vpass\\Documents\\Code\\code_challenge\\src\\components\\Overlay.vue","statementMap":{"0":{"start":{"line":30,"column":0},"end":{"line":30,"column":null}}},"fnMap":{},"branchMap":{},"s":{"0":1},"f":{},"b":{}}
,"C:\\Users\\vpass\\Documents\\Code\\code_challenge\\src\\components\\Product.vue": {"path":"C:\\Users\\vpass\\Documents\\Code\\code_challenge\\src\\components\\Product.vue","statementMap":{"0":{"start":{"line":46,"column":0},"end":{"line":46,"column":null}},"1":{"start":{"line":54,"column":0},"end":{"line":54,"column":null}},"2":{"start":{"line":61,"column":0},"end":{"line":61,"column":null}}},"fnMap":{"0":{"name":"(anonymous_1)","decl":{"start":{"line":53,"column":0},"end":{"line":53,"column":null}},"loc":{"start":{"line":53,"column":0},"end":{"line":58,"column":null}}},"1":{"name":"(anonymous_2)","decl":{"start":{"line":60,"column":0},"end":{"line":60,"column":null}},"loc":{"start":{"line":60,"column":0},"end":{"line":62,"column":null}}},"2":{"name":"(anonymous_3)","decl":{"start":{"line":64,"column":0},"end":{"line":64,"column":null}},"loc":{"start":{"line":64,"column":0},"end":{"line":67,"column":null}}}},"branchMap":{},"s":{"0":1,"1":3,"2":1},"f":{"0":3,"1":1,"2":3},"b":{}}
,"C:\\Users\\vpass\\Documents\\Code\\code_challenge\\src\\components\\Products.vue": {"path":"C:\\Users\\vpass\\Documents\\Code\\code_challenge\\src\\components\\Products.vue","statementMap":{"0":{"start":{"line":11,"column":0},"end":{"line":11,"column":null}}},"fnMap":{},"branchMap":{},"s":{"0":1},"f":{},"b":{}}
,"C:\\Users\\vpass\\Documents\\Code\\code_challenge\\src\\layout\\Navbar.vue": {"path":"C:\\Users\\vpass\\Documents\\Code\\code_challenge\\src\\layout\\Navbar.vue","statementMap":{"0":{"start":{"line":18,"column":0},"end":{"line":18,"column":null}},"1":{"start":{"line":25,"column":0},"end":{"line":25,"column":null}},"2":{"start":{"line":29,"column":0},"end":{"line":29,"column":null}}},"fnMap":{"0":{"name":"(anonymous_1)","decl":{"start":{"line":24,"column":0},"end":{"line":24,"column":null}},"loc":{"start":{"line":24,"column":0},"end":{"line":26,"column":null}}},"1":{"name":"(anonymous_2)","decl":{"start":{"line":29,"column":0},"end":{"line":29,"column":null}},"loc":{"start":{"line":29,"column":0},"end":{"line":29,"column":null}}}},"branchMap":{"0":{"loc":{"start":{"line":25,"column":0},"end":{"line":25,"column":null}},"type":"cond-expr","locations":[{"start":{"line":25,"column":0},"end":{"line":25,"column":null}},{"start":{"line":25,"column":0},"end":{"line":25,"column":null}}]}},"s":{"0":1,"1":0,"2":0},"f":{"0":0,"1":0},"b":{"0":[0,0]}}
}
