TN:
SF:C:\Users\vpass\Documents\Code\code_challenge\src\App.vue
FN:23,(anonymous_1)
FNF:1
FNH:1
FNDA:1,(anonymous_1)
DA:9,1
DA:10,1
DA:11,1
DA:24,1
DA:25,0
LF:5
LH:4
BRDA:24,0,0,0
BRDA:24,0,1,1
BRF:2
BRH:1
end_of_record
TN:
SF:C:\Users\vpass\Documents\Code\code_challenge\src\components\Overlay.vue
FNF:0
FNH:0
DA:30,1
LF:1
LH:1
BRF:0
BRH:0
end_of_record
TN:
SF:C:\Users\vpass\Documents\Code\code_challenge\src\components\Product.vue
FN:53,(anonymous_1)
FN:60,(anonymous_2)
FN:64,(anonymous_3)
FNF:3
FNH:3
FNDA:3,(anonymous_1)
FNDA:1,(anonymous_2)
FNDA:3,(anonymous_3)
DA:46,1
DA:54,3
DA:61,1
LF:3
LH:3
BRF:0
BRH:0
end_of_record
TN:
SF:C:\Users\vpass\Documents\Code\code_challenge\src\components\Products.vue
FNF:0
FNH:0
DA:11,1
LF:1
LH:1
BRF:0
BRH:0
end_of_record
TN:
SF:C:\Users\vpass\Documents\Code\code_challenge\src\layout\Navbar.vue
FN:24,(anonymous_1)
FN:29,(anonymous_2)
FNF:2
FNH:0
FNDA:0,(anonymous_1)
FNDA:0,(anonymous_2)
DA:18,1
DA:25,0
DA:29,0
LF:3
LH:1
BRDA:25,0,0,0
BRDA:25,0,1,0
BRF:2
BRH:0
end_of_record
